2019-03-15 11:18:41,725 [Worker-6: Executing the early startup extensions] DEBUG class java.lang.Class - Starting Andmore Common Plugin...
2019-03-15 11:18:41,725 [Worker-6: Executing the early startup extensions] DEBUG class java.lang.Class - Andmore Common Plugin started.
2019-03-15 11:18:41,725 [Worker-6: Executing the early startup extensions] DEBUG class java.lang.Class - Starting Andmore Plugin...
2019-03-15 11:18:41,727 [Worker-6: Executing the early startup extensions] DEBUG class java.lang.Class - Andmore Plugin started.
2019-03-15 11:18:41,746 [Worker-6: Executing the early startup extensions] DEBUG class java.lang.Class - Starting Andmore Emulator Plugin...
2019-03-15 11:18:41,763 [Worker-6: Executing the early startup extensions] DEBUG class java.lang.Class - Andmore Emulator Plugin started.
2019-03-15 11:18:41,789 [Worker-6: Executing the early startup extensions] DEBUG class java.lang.Class - Starting Andmore Handset Plugin...
2019-03-15 11:18:41,789 [Worker-6: Executing the early startup extensions] DEBUG class java.lang.Class - Andmore Handset Plugin started.
2019-03-15 11:18:41,794 [Worker-6: Executing the early startup extensions] DEBUG class java.lang.Class - Starting Andmore Remote Device Plugin...
2019-03-15 11:18:41,794 [Worker-6: Executing the early startup extensions] DEBUG class java.lang.Class - Starting Andmore Remote Device Plugin started.
2019-03-15 11:18:41,802 [Worker-6: Executing the early startup extensions] DEBUG class java.lang.Class - Starting Andmore Device Services Plugin...
2019-03-15 11:18:41,802 [Worker-6: Executing the early startup extensions] DEBUG class java.lang.Class - Andmore Device Services Plugin started.
2019-03-15 11:18:41,885 [Instance Event Manager] INFO  Studio for Android - The android device instance status was updated: renavd Status: OFF
2019-03-15 11:18:41,886 [Instance Event Manager] INFO  Studio for Android - The android device instance status was updated: Nexus_5X_API_28_x86 Status: OFF
2019-03-15 11:18:41,888 [Instance Event Manager] INFO  Studio for Android - The android device instance status was updated: renavd Status: org.eclipse.andmore.android.emulator.status.notavailable
2019-03-15 11:18:41,888 [Instance Event Manager] INFO  Studio for Android - The android device instance status was updated: Nexus_5X_API_28_x86 Status: org.eclipse.andmore.android.emulator.status.notavailable
2019-03-15 11:18:42,740 [Worker-6: Executing the early startup extensions] ERROR Studio for Android - Handler could not be instanced(PLUGIN=org.eclipse.sequoyah.device.framework;ERROR=202)
2019-03-15 11:18:42,740 [Worker-6: Executing the early startup extensions] ERROR Studio for Android - Handler could not be instanced(PLUGIN=org.eclipse.sequoyah.device.framework;ERROR=202)
2019-03-15 11:18:42,740 [Worker-6: Executing the early startup extensions] ERROR Studio for Android - Handler could not be instanced(PLUGIN=org.eclipse.sequoyah.device.framework;ERROR=202)
2019-03-15 11:18:42,741 [Worker-6: Executing the early startup extensions] ERROR Studio for Android - Handler could not be instanced(PLUGIN=org.eclipse.sequoyah.device.framework;ERROR=202)
2019-03-15 11:18:42,741 [Worker-6: Executing the early startup extensions] ERROR Studio for Android - Handler could not be instanced(PLUGIN=org.eclipse.sequoyah.device.framework;ERROR=202)
2019-03-15 11:18:42,741 [Worker-6: Executing the early startup extensions] ERROR Studio for Android - Handler could not be instanced(PLUGIN=org.eclipse.sequoyah.device.framework;ERROR=202)
2019-03-15 11:18:42,741 [Worker-6: Executing the early startup extensions] ERROR Studio for Android - Handler could not be instanced(PLUGIN=org.eclipse.sequoyah.device.framework;ERROR=202)
2019-03-15 11:18:42,741 [Worker-6: Executing the early startup extensions] ERROR Studio for Android - Handler could not be instanced(PLUGIN=org.eclipse.sequoyah.device.framework;ERROR=202)
2019-03-15 11:18:42,741 [Worker-6: Executing the early startup extensions] ERROR Studio for Android - Handler could not be instanced(PLUGIN=org.eclipse.sequoyah.device.framework;ERROR=202)
2019-03-15 11:18:42,742 [Worker-6: Executing the early startup extensions] ERROR Studio for Android - Handler could not be instanced(PLUGIN=org.eclipse.sequoyah.device.framework;ERROR=202)
2019-03-15 11:18:42,742 [Worker-6: Executing the early startup extensions] ERROR Studio for Android - Handler could not be instanced(PLUGIN=org.eclipse.sequoyah.device.framework;ERROR=202)
2019-03-15 11:18:42,742 [Worker-6: Executing the early startup extensions] ERROR Studio for Android - Handler could not be instanced(PLUGIN=org.eclipse.sequoyah.device.framework;ERROR=202)
2019-03-15 11:18:42,742 [Worker-6: Executing the early startup extensions] ERROR Studio for Android - Handler could not be instanced(PLUGIN=org.eclipse.sequoyah.device.framework;ERROR=202)
2019-03-15 11:18:42,742 [Worker-6: Executing the early startup extensions] ERROR Studio for Android - Handler could not be instanced(PLUGIN=org.eclipse.sequoyah.device.framework;ERROR=202)
2019-03-15 11:18:42,742 [Worker-6: Executing the early startup extensions] ERROR Studio for Android - Handler could not be instanced(PLUGIN=org.eclipse.sequoyah.device.framework;ERROR=202)
2019-03-15 11:18:42,743 [Worker-6: Executing the early startup extensions] ERROR Studio for Android - Handler could not be instanced(PLUGIN=org.eclipse.sequoyah.device.framework;ERROR=202)
2019-03-15 11:18:42,743 [Worker-6: Executing the early startup extensions] ERROR Studio for Android - Handler could not be instanced(PLUGIN=org.eclipse.sequoyah.device.framework;ERROR=202)
2019-03-15 11:18:42,743 [Worker-6: Executing the early startup extensions] ERROR Studio for Android - Handler could not be instanced(PLUGIN=org.eclipse.sequoyah.device.framework;ERROR=202)
2019-03-15 11:18:42,743 [Worker-6: Executing the early startup extensions] ERROR Studio for Android - Handler could not be instanced(PLUGIN=org.eclipse.sequoyah.device.framework;ERROR=202)
2019-03-15 11:18:42,743 [Worker-6: Executing the early startup extensions] ERROR Studio for Android - Handler could not be instanced(PLUGIN=org.eclipse.sequoyah.device.framework;ERROR=202)
2019-03-15 11:18:42,743 [Worker-6: Executing the early startup extensions] ERROR Studio for Android - Handler could not be instanced(PLUGIN=org.eclipse.sequoyah.device.framework;ERROR=202)
2019-03-15 11:18:42,743 [Worker-6: Executing the early startup extensions] ERROR Studio for Android - Handler could not be instanced(PLUGIN=org.eclipse.sequoyah.device.framework;ERROR=202)
2019-03-15 11:18:42,743 [Worker-6: Executing the early startup extensions] ERROR Studio for Android - Handler could not be instanced(PLUGIN=org.eclipse.sequoyah.device.framework;ERROR=202)
2019-03-15 11:18:42,743 [Worker-6: Executing the early startup extensions] ERROR Studio for Android - Handler could not be instanced(PLUGIN=org.eclipse.sequoyah.device.framework;ERROR=202)
2019-03-15 11:18:42,744 [Worker-6: Executing the early startup extensions] ERROR Studio for Android - Handler could not be instanced(PLUGIN=org.eclipse.sequoyah.device.framework;ERROR=202)
2019-03-15 11:18:42,744 [Worker-6: Executing the early startup extensions] ERROR Studio for Android - Handler could not be instanced(PLUGIN=org.eclipse.sequoyah.device.framework;ERROR=202)
2019-03-15 11:18:42,744 [Worker-6: Executing the early startup extensions] ERROR Studio for Android - Handler could not be instanced(PLUGIN=org.eclipse.sequoyah.device.framework;ERROR=202)
2019-03-15 11:18:42,744 [Worker-6: Executing the early startup extensions] ERROR Studio for Android - Handler could not be instanced(PLUGIN=org.eclipse.sequoyah.device.framework;ERROR=202)
2019-03-15 11:18:42,744 [Worker-6: Executing the early startup extensions] ERROR Studio for Android - Handler could not be instanced(PLUGIN=org.eclipse.sequoyah.device.framework;ERROR=202)
2019-03-15 11:18:42,744 [Worker-6: Executing the early startup extensions] ERROR Studio for Android - Handler could not be instanced(PLUGIN=org.eclipse.sequoyah.device.framework;ERROR=202)
2019-03-15 11:18:42,744 [Worker-6: Executing the early startup extensions] INFO  Studio for Android - [Status: id=org.eclipse.andmore.android.emulator.status.offline;name=Offline]
2019-03-15 11:18:42,744 [Worker-6: Executing the early startup extensions] INFO  Studio for Android - [Status: id=org.eclipse.andmore.android.handset.status.handsetonline;name=Online]
2019-03-15 11:18:42,744 [Worker-6: Executing the early startup extensions] INFO  Studio for Android - [Status: id=INACTIVE;name=INACTIVE]
2019-03-15 11:18:42,744 [Worker-6: Executing the early startup extensions] INFO  Studio for Android - [Status: id=org.eclipse.andmore.android.emulator.status.notavailable;name=Not available]
2019-03-15 11:18:42,744 [Worker-6: Executing the early startup extensions] INFO  Studio for Android - [Status: id=IDLE;name=IDLE]
2019-03-15 11:18:42,744 [Worker-6: Executing the early startup extensions] INFO  Studio for Android - [Status: id=org.eclipse.andmore.android.remote.status.connected;name=Connected]
2019-03-15 11:18:42,744 [Worker-6: Executing the early startup extensions] INFO  Studio for Android - [Status: id=org.eclipse.andmore.android.remote.status.disconnected;name=Disconnected]
2019-03-15 11:18:42,744 [Worker-6: Executing the early startup extensions] INFO  Studio for Android - [Status: id=org.eclipse.andmore.android.emulator.status.online;name=Online]
2019-03-15 11:18:42,744 [Worker-6: Executing the early startup extensions] INFO  Studio for Android - [Status: id=OFF;name=OFF]
2019-03-15 11:18:42,744 [Worker-6: Executing the early startup extensions] INFO  Studio for Android - [Status: id=org.eclipse.andmore.android.emulator.status.offlineNoData;name=Offline (no user data)]
2019-03-15 11:19:06,322 [main] DEBUG class java.lang.Class - Starting Eclipse Andmore Database Core Plugin...
2019-03-15 11:19:06,359 [main] DEBUG Studio for Android - JDBC Driver Location:bundleentry://549.fwk1013528106/res/androidjdbc.jar JDBC Driver getBundle().getLocation():reference:file:plugins/org.eclipse.andmore.android.common_0.5.1.201701251432.jar
2019-03-15 11:19:06,361 [main] DEBUG Studio for Android - JDBC Driver Path:D:\eclipse-dsl-2018-12-R-win32-x86_64\eclipse\configuration\org.eclipse.osgi\549\0\.cp\res\androidjdbc.jar
2019-03-15 11:19:06,361 [main] DEBUG Studio for Android - JDBC Driver Location:bundleentry://549.fwk1013528106/res/androidjdbc.jar JDBC Driver getBundle().getLocation():reference:file:plugins/org.eclipse.andmore.android.common_0.5.1.201701251432.jar
2019-03-15 11:19:06,361 [main] DEBUG Studio for Android - JDBC Driver Path:D:\eclipse-dsl-2018-12-R-win32-x86_64\eclipse\configuration\org.eclipse.osgi\549\0\.cp\res\androidjdbc.jar
2019-03-15 11:19:06,386 [main] INFO  Studio for Android - Created a JDBC driver instance at Data Tools.
2019-03-15 11:19:06,394 [main] DEBUG class java.lang.Class - Eclipse Andmore Database Core Plugin started.
2019-03-15 11:19:06,395 [main] DEBUG class java.lang.Class - Starting Eclipse Andmore Database Devices Support Plugin...
2019-03-15 11:19:06,397 [main] DEBUG class java.lang.Class - Eclipse Andmore Database Devices Support Plugin started...
2019-03-15 11:19:07,771 [Framework stop] DEBUG Studio for Android - org.eclipse.sequoyah.device.service.start.StartServicePlugin-SHUTDOWN
2019-03-15 11:19:07,807 [Framework stop] DEBUG Studio for Android - org.eclipse.sequoyah.device.framework.ui.DeviceUIPlugin-SHUTDOWN
2019-03-15 11:19:07,808 [Framework stop] DEBUG Studio for Android - org.eclipse.sequoyah.device.service.stop.StopServicePlugin-SHUTDOWN
2019-03-15 11:19:07,808 [Framework stop] DEBUG Studio for Android - org.eclipse.sequoyah.device.framework.DevicePlugin-SHUTDOWN
2019-03-15 11:19:25,545 [Worker-0: Executing the early startup extensions] DEBUG class java.lang.Class - Starting Andmore Common Plugin...
2019-03-15 11:19:25,560 [Worker-0: Executing the early startup extensions] DEBUG class java.lang.Class - Andmore Common Plugin started.
2019-03-15 11:19:25,575 [Worker-0: Executing the early startup extensions] DEBUG class java.lang.Class - Starting Andmore Plugin...
2019-03-15 11:19:25,618 [Worker-0: Executing the early startup extensions] DEBUG class java.lang.Class - Andmore Plugin started.
2019-03-15 11:19:25,673 [Worker-0: Executing the early startup extensions] DEBUG class java.lang.Class - Starting Andmore Emulator Plugin...
2019-03-15 11:19:25,698 [Worker-0: Executing the early startup extensions] DEBUG class java.lang.Class - Andmore Emulator Plugin started.
2019-03-15 11:19:25,726 [Worker-0: Executing the early startup extensions] DEBUG class java.lang.Class - Starting Andmore Handset Plugin...
2019-03-15 11:19:25,728 [Worker-0: Executing the early startup extensions] DEBUG class java.lang.Class - Andmore Handset Plugin started.
2019-03-15 11:19:25,732 [Worker-0: Executing the early startup extensions] DEBUG class java.lang.Class - Starting Andmore Remote Device Plugin...
2019-03-15 11:19:25,734 [Worker-0: Executing the early startup extensions] DEBUG class java.lang.Class - Starting Andmore Remote Device Plugin started.
2019-03-15 11:19:25,745 [Worker-0: Executing the early startup extensions] DEBUG class java.lang.Class - Starting Andmore Device Services Plugin...
2019-03-15 11:19:25,746 [Worker-0: Executing the early startup extensions] DEBUG class java.lang.Class - Andmore Device Services Plugin started.
2019-03-15 11:19:25,794 [Instance Event Manager] INFO  Studio for Android - The android device instance status was updated: renavd Status: OFF
2019-03-15 11:19:25,814 [Worker-0: Executing the early startup extensions] ERROR Studio for Android - Handler could not be instanced(PLUGIN=org.eclipse.sequoyah.device.framework;ERROR=202)
2019-03-15 11:19:25,818 [Worker-0: Executing the early startup extensions] ERROR Studio for Android - Handler could not be instanced(PLUGIN=org.eclipse.sequoyah.device.framework;ERROR=202)
2019-03-15 11:19:25,818 [Worker-0: Executing the early startup extensions] ERROR Studio for Android - Handler could not be instanced(PLUGIN=org.eclipse.sequoyah.device.framework;ERROR=202)
2019-03-15 11:19:25,819 [Worker-0: Executing the early startup extensions] ERROR Studio for Android - Handler could not be instanced(PLUGIN=org.eclipse.sequoyah.device.framework;ERROR=202)
2019-03-15 11:19:25,819 [Worker-0: Executing the early startup extensions] ERROR Studio for Android - Handler could not be instanced(PLUGIN=org.eclipse.sequoyah.device.framework;ERROR=202)
2019-03-15 11:19:25,819 [Worker-0: Executing the early startup extensions] ERROR Studio for Android - Handler could not be instanced(PLUGIN=org.eclipse.sequoyah.device.framework;ERROR=202)
2019-03-15 11:19:25,820 [Worker-0: Executing the early startup extensions] ERROR Studio for Android - Handler could not be instanced(PLUGIN=org.eclipse.sequoyah.device.framework;ERROR=202)
2019-03-15 11:19:25,820 [Worker-0: Executing the early startup extensions] ERROR Studio for Android - Handler could not be instanced(PLUGIN=org.eclipse.sequoyah.device.framework;ERROR=202)
2019-03-15 11:19:25,820 [Worker-0: Executing the early startup extensions] ERROR Studio for Android - Handler could not be instanced(PLUGIN=org.eclipse.sequoyah.device.framework;ERROR=202)
2019-03-15 11:19:25,820 [Worker-0: Executing the early startup extensions] ERROR Studio for Android - Handler could not be instanced(PLUGIN=org.eclipse.sequoyah.device.framework;ERROR=202)
2019-03-15 11:19:25,820 [Worker-0: Executing the early startup extensions] ERROR Studio for Android - Handler could not be instanced(PLUGIN=org.eclipse.sequoyah.device.framework;ERROR=202)
2019-03-15 11:19:25,820 [Worker-0: Executing the early startup extensions] ERROR Studio for Android - Handler could not be instanced(PLUGIN=org.eclipse.sequoyah.device.framework;ERROR=202)
2019-03-15 11:19:25,821 [Worker-0: Executing the early startup extensions] ERROR Studio for Android - Handler could not be instanced(PLUGIN=org.eclipse.sequoyah.device.framework;ERROR=202)
2019-03-15 11:19:25,821 [Worker-0: Executing the early startup extensions] ERROR Studio for Android - Handler could not be instanced(PLUGIN=org.eclipse.sequoyah.device.framework;ERROR=202)
2019-03-15 11:19:25,821 [Worker-0: Executing the early startup extensions] ERROR Studio for Android - Handler could not be instanced(PLUGIN=org.eclipse.sequoyah.device.framework;ERROR=202)
2019-03-15 11:19:25,821 [Worker-0: Executing the early startup extensions] ERROR Studio for Android - Handler could not be instanced(PLUGIN=org.eclipse.sequoyah.device.framework;ERROR=202)
2019-03-15 11:19:25,821 [Worker-0: Executing the early startup extensions] ERROR Studio for Android - Handler could not be instanced(PLUGIN=org.eclipse.sequoyah.device.framework;ERROR=202)
2019-03-15 11:19:25,823 [Worker-0: Executing the early startup extensions] ERROR Studio for Android - Handler could not be instanced(PLUGIN=org.eclipse.sequoyah.device.framework;ERROR=202)
2019-03-15 11:19:25,823 [Worker-0: Executing the early startup extensions] ERROR Studio for Android - Handler could not be instanced(PLUGIN=org.eclipse.sequoyah.device.framework;ERROR=202)
2019-03-15 11:19:25,823 [Worker-0: Executing the early startup extensions] ERROR Studio for Android - Handler could not be instanced(PLUGIN=org.eclipse.sequoyah.device.framework;ERROR=202)
2019-03-15 11:19:25,823 [Worker-0: Executing the early startup extensions] ERROR Studio for Android - Handler could not be instanced(PLUGIN=org.eclipse.sequoyah.device.framework;ERROR=202)
2019-03-15 11:19:25,823 [Worker-0: Executing the early startup extensions] ERROR Studio for Android - Handler could not be instanced(PLUGIN=org.eclipse.sequoyah.device.framework;ERROR=202)
2019-03-15 11:19:25,824 [Worker-0: Executing the early startup extensions] ERROR Studio for Android - Handler could not be instanced(PLUGIN=org.eclipse.sequoyah.device.framework;ERROR=202)
2019-03-15 11:19:25,825 [Worker-0: Executing the early startup extensions] ERROR Studio for Android - Handler could not be instanced(PLUGIN=org.eclipse.sequoyah.device.framework;ERROR=202)
2019-03-15 11:19:25,825 [Worker-0: Executing the early startup extensions] ERROR Studio for Android - Handler could not be instanced(PLUGIN=org.eclipse.sequoyah.device.framework;ERROR=202)
2019-03-15 11:19:25,825 [Worker-0: Executing the early startup extensions] ERROR Studio for Android - Handler could not be instanced(PLUGIN=org.eclipse.sequoyah.device.framework;ERROR=202)
2019-03-15 11:19:25,825 [Worker-0: Executing the early startup extensions] ERROR Studio for Android - Handler could not be instanced(PLUGIN=org.eclipse.sequoyah.device.framework;ERROR=202)
2019-03-15 11:19:25,826 [Worker-0: Executing the early startup extensions] ERROR Studio for Android - Handler could not be instanced(PLUGIN=org.eclipse.sequoyah.device.framework;ERROR=202)
2019-03-15 11:19:25,826 [Worker-0: Executing the early startup extensions] ERROR Studio for Android - Handler could not be instanced(PLUGIN=org.eclipse.sequoyah.device.framework;ERROR=202)
2019-03-15 11:19:25,826 [Worker-0: Executing the early startup extensions] ERROR Studio for Android - Handler could not be instanced(PLUGIN=org.eclipse.sequoyah.device.framework;ERROR=202)
2019-03-15 11:19:25,826 [Worker-0: Executing the early startup extensions] INFO  Studio for Android - [Status: id=org.eclipse.andmore.android.emulator.status.offline;name=Offline]
2019-03-15 11:19:25,826 [Worker-0: Executing the early startup extensions] INFO  Studio for Android - [Status: id=org.eclipse.andmore.android.handset.status.handsetonline;name=Online]
2019-03-15 11:19:25,826 [Worker-0: Executing the early startup extensions] INFO  Studio for Android - [Status: id=INACTIVE;name=INACTIVE]
2019-03-15 11:19:25,826 [Worker-0: Executing the early startup extensions] INFO  Studio for Android - [Status: id=org.eclipse.andmore.android.emulator.status.notavailable;name=Not available]
2019-03-15 11:19:25,826 [Worker-0: Executing the early startup extensions] INFO  Studio for Android - [Status: id=IDLE;name=IDLE]
2019-03-15 11:19:25,826 [Worker-0: Executing the early startup extensions] INFO  Studio for Android - [Status: id=org.eclipse.andmore.android.remote.status.connected;name=Connected]
2019-03-15 11:19:25,826 [Worker-0: Executing the early startup extensions] INFO  Studio for Android - [Status: id=org.eclipse.andmore.android.remote.status.disconnected;name=Disconnected]
2019-03-15 11:19:25,826 [Worker-0: Executing the early startup extensions] INFO  Studio for Android - [Status: id=org.eclipse.andmore.android.emulator.status.online;name=Online]
2019-03-15 11:19:25,826 [Worker-0: Executing the early startup extensions] INFO  Studio for Android - [Status: id=OFF;name=OFF]
2019-03-15 11:19:25,826 [Worker-0: Executing the early startup extensions] INFO  Studio for Android - [Status: id=org.eclipse.andmore.android.emulator.status.offlineNoData;name=Offline (no user data)]
2019-03-15 11:19:25,817 [Instance Event Manager] INFO  Studio for Android - The android device instance status was updated: Nexus_5X_API_28_x86 Status: OFF
2019-03-15 11:19:25,896 [Instance Event Manager] INFO  Studio for Android - The android device instance status was updated: renavd Status: org.eclipse.andmore.android.emulator.status.notavailable
2019-03-15 11:19:25,896 [Instance Event Manager] INFO  Studio for Android - The android device instance status was updated: Nexus_5X_API_28_x86 Status: org.eclipse.andmore.android.emulator.status.notavailable
2019-03-15 11:19:27,166 [Worker-6: Android SDK Content Loader] DEBUG class org.eclipse.andmore.android.AndroidPlugin - Notify SDK loader listeners
2019-03-15 11:19:54,187 [main] DEBUG class java.lang.Class - Starting Eclipse Andmore Database Core Plugin...
2019-03-15 11:19:54,230 [main] DEBUG Studio for Android - JDBC Driver Location:bundleentry://549.fwk1013528106/res/androidjdbc.jar JDBC Driver getBundle().getLocation():reference:file:plugins/org.eclipse.andmore.android.common_0.5.1.201701251432.jar
2019-03-15 11:19:54,231 [main] DEBUG Studio for Android - JDBC Driver Path:D:\eclipse-dsl-2018-12-R-win32-x86_64\eclipse\configuration\org.eclipse.osgi\549\0\.cp\res\androidjdbc.jar
2019-03-15 11:19:54,232 [main] DEBUG Studio for Android - JDBC Driver Location:bundleentry://549.fwk1013528106/res/androidjdbc.jar JDBC Driver getBundle().getLocation():reference:file:plugins/org.eclipse.andmore.android.common_0.5.1.201701251432.jar
2019-03-15 11:19:54,232 [main] DEBUG Studio for Android - JDBC Driver Path:D:\eclipse-dsl-2018-12-R-win32-x86_64\eclipse\configuration\org.eclipse.osgi\549\0\.cp\res\androidjdbc.jar
2019-03-15 11:19:54,242 [main] DEBUG class java.lang.Class - Eclipse Andmore Database Core Plugin started.
2019-03-15 11:19:54,242 [main] DEBUG class java.lang.Class - Starting Eclipse Andmore Database Devices Support Plugin...
2019-03-15 11:19:54,245 [main] DEBUG class java.lang.Class - Eclipse Andmore Database Devices Support Plugin started...
2019-03-15 11:19:55,290 [Framework stop] DEBUG Studio for Android - org.eclipse.sequoyah.device.service.start.StartServicePlugin-SHUTDOWN
2019-03-15 11:19:55,304 [Framework stop] DEBUG Studio for Android - org.eclipse.sequoyah.device.framework.ui.DeviceUIPlugin-SHUTDOWN
2019-03-15 11:19:55,305 [Framework stop] DEBUG Studio for Android - org.eclipse.sequoyah.device.service.stop.StopServicePlugin-SHUTDOWN
2019-03-15 11:19:55,306 [Framework stop] DEBUG Studio for Android - org.eclipse.sequoyah.device.framework.DevicePlugin-SHUTDOWN
2019-03-18 12:45:12,866 [Worker-6: Executing the early startup extensions] DEBUG class java.lang.Class - Starting Andmore Common Plugin...
2019-03-18 12:45:12,898 [Worker-6: Executing the early startup extensions] DEBUG class java.lang.Class - Andmore Common Plugin started.
2019-03-18 12:45:12,911 [Worker-6: Executing the early startup extensions] DEBUG class java.lang.Class - Starting Andmore Plugin...
2019-03-18 12:45:12,939 [Worker-6: Executing the early startup extensions] DEBUG class java.lang.Class - Andmore Plugin started.
2019-03-18 12:45:13,002 [Worker-6: Executing the early startup extensions] DEBUG class java.lang.Class - Starting Andmore Emulator Plugin...
2019-03-18 12:45:13,039 [Worker-6: Executing the early startup extensions] DEBUG class java.lang.Class - Andmore Emulator Plugin started.
2019-03-18 12:45:13,100 [Worker-6: Executing the early startup extensions] DEBUG class java.lang.Class - Starting Andmore Handset Plugin...
2019-03-18 12:45:13,100 [Worker-6: Executing the early startup extensions] DEBUG class java.lang.Class - Andmore Handset Plugin started.
2019-03-18 12:45:13,106 [Worker-6: Executing the early startup extensions] DEBUG class java.lang.Class - Starting Andmore Remote Device Plugin...
2019-03-18 12:45:13,109 [Worker-6: Executing the early startup extensions] DEBUG class java.lang.Class - Starting Andmore Remote Device Plugin started.
2019-03-18 12:45:13,127 [Worker-6: Executing the early startup extensions] DEBUG class java.lang.Class - Starting Andmore Device Services Plugin...
2019-03-18 12:45:13,128 [Worker-6: Executing the early startup extensions] DEBUG class java.lang.Class - Andmore Device Services Plugin started.
2019-03-18 12:45:13,192 [Instance Event Manager] INFO  Studio for Android - The android device instance status was updated: renavd Status: OFF
2019-03-18 12:45:13,220 [Instance Event Manager] INFO  Studio for Android - The android device instance status was updated: Nexus_5X_API_28_x86 Status: OFF
2019-03-18 12:45:13,225 [Worker-6: Executing the early startup extensions] ERROR Studio for Android - Handler could not be instanced(PLUGIN=org.eclipse.sequoyah.device.framework;ERROR=202)
2019-03-18 12:45:13,227 [Worker-6: Executing the early startup extensions] ERROR Studio for Android - Handler could not be instanced(PLUGIN=org.eclipse.sequoyah.device.framework;ERROR=202)
2019-03-18 12:45:13,227 [Worker-6: Executing the early startup extensions] ERROR Studio for Android - Handler could not be instanced(PLUGIN=org.eclipse.sequoyah.device.framework;ERROR=202)
2019-03-18 12:45:13,227 [Worker-6: Executing the early startup extensions] ERROR Studio for Android - Handler could not be instanced(PLUGIN=org.eclipse.sequoyah.device.framework;ERROR=202)
2019-03-18 12:45:13,230 [Worker-6: Executing the early startup extensions] ERROR Studio for Android - Handler could not be instanced(PLUGIN=org.eclipse.sequoyah.device.framework;ERROR=202)
2019-03-18 12:45:13,230 [Worker-6: Executing the early startup extensions] ERROR Studio for Android - Handler could not be instanced(PLUGIN=org.eclipse.sequoyah.device.framework;ERROR=202)
2019-03-18 12:45:13,232 [Instance Event Manager] INFO  Studio for Android - The android device instance status was updated: renavd Status: org.eclipse.andmore.android.emulator.status.notavailable
2019-03-18 12:45:13,232 [Instance Event Manager] INFO  Studio for Android - The android device instance status was updated: Nexus_5X_API_28_x86 Status: org.eclipse.andmore.android.emulator.status.notavailable
2019-03-18 12:45:13,232 [Worker-6: Executing the early startup extensions] ERROR Studio for Android - Handler could not be instanced(PLUGIN=org.eclipse.sequoyah.device.framework;ERROR=202)
2019-03-18 12:45:13,232 [Worker-6: Executing the early startup extensions] ERROR Studio for Android - Handler could not be instanced(PLUGIN=org.eclipse.sequoyah.device.framework;ERROR=202)
2019-03-18 12:45:13,232 [Worker-6: Executing the early startup extensions] ERROR Studio for Android - Handler could not be instanced(PLUGIN=org.eclipse.sequoyah.device.framework;ERROR=202)
2019-03-18 12:45:13,232 [Worker-6: Executing the early startup extensions] ERROR Studio for Android - Handler could not be instanced(PLUGIN=org.eclipse.sequoyah.device.framework;ERROR=202)
2019-03-18 12:45:13,233 [Worker-6: Executing the early startup extensions] ERROR Studio for Android - Handler could not be instanced(PLUGIN=org.eclipse.sequoyah.device.framework;ERROR=202)
2019-03-18 12:45:13,233 [Worker-6: Executing the early startup extensions] ERROR Studio for Android - Handler could not be instanced(PLUGIN=org.eclipse.sequoyah.device.framework;ERROR=202)
2019-03-18 12:45:13,233 [Worker-6: Executing the early startup extensions] ERROR Studio for Android - Handler could not be instanced(PLUGIN=org.eclipse.sequoyah.device.framework;ERROR=202)
2019-03-18 12:45:13,233 [Worker-6: Executing the early startup extensions] ERROR Studio for Android - Handler could not be instanced(PLUGIN=org.eclipse.sequoyah.device.framework;ERROR=202)
2019-03-18 12:45:13,233 [Worker-6: Executing the early startup extensions] ERROR Studio for Android - Handler could not be instanced(PLUGIN=org.eclipse.sequoyah.device.framework;ERROR=202)
2019-03-18 12:45:13,234 [Worker-6: Executing the early startup extensions] ERROR Studio for Android - Handler could not be instanced(PLUGIN=org.eclipse.sequoyah.device.framework;ERROR=202)
2019-03-18 12:45:13,234 [Worker-6: Executing the early startup extensions] ERROR Studio for Android - Handler could not be instanced(PLUGIN=org.eclipse.sequoyah.device.framework;ERROR=202)
2019-03-18 12:45:13,234 [Worker-6: Executing the early startup extensions] ERROR Studio for Android - Handler could not be instanced(PLUGIN=org.eclipse.sequoyah.device.framework;ERROR=202)
2019-03-18 12:45:13,234 [Worker-6: Executing the early startup extensions] ERROR Studio for Android - Handler could not be instanced(PLUGIN=org.eclipse.sequoyah.device.framework;ERROR=202)
2019-03-18 12:45:13,234 [Worker-6: Executing the early startup extensions] ERROR Studio for Android - Handler could not be instanced(PLUGIN=org.eclipse.sequoyah.device.framework;ERROR=202)
2019-03-18 12:45:13,235 [Worker-6: Executing the early startup extensions] ERROR Studio for Android - Handler could not be instanced(PLUGIN=org.eclipse.sequoyah.device.framework;ERROR=202)
2019-03-18 12:45:13,235 [Worker-6: Executing the early startup extensions] ERROR Studio for Android - Handler could not be instanced(PLUGIN=org.eclipse.sequoyah.device.framework;ERROR=202)
2019-03-18 12:45:13,235 [Worker-6: Executing the early startup extensions] ERROR Studio for Android - Handler could not be instanced(PLUGIN=org.eclipse.sequoyah.device.framework;ERROR=202)
2019-03-18 12:45:13,235 [Worker-6: Executing the early startup extensions] ERROR Studio for Android - Handler could not be instanced(PLUGIN=org.eclipse.sequoyah.device.framework;ERROR=202)
2019-03-18 12:45:13,235 [Worker-6: Executing the early startup extensions] ERROR Studio for Android - Handler could not be instanced(PLUGIN=org.eclipse.sequoyah.device.framework;ERROR=202)
2019-03-18 12:45:13,235 [Worker-6: Executing the early startup extensions] ERROR Studio for Android - Handler could not be instanced(PLUGIN=org.eclipse.sequoyah.device.framework;ERROR=202)
2019-03-18 12:45:13,235 [Worker-6: Executing the early startup extensions] ERROR Studio for Android - Handler could not be instanced(PLUGIN=org.eclipse.sequoyah.device.framework;ERROR=202)
2019-03-18 12:45:13,235 [Worker-6: Executing the early startup extensions] ERROR Studio for Android - Handler could not be instanced(PLUGIN=org.eclipse.sequoyah.device.framework;ERROR=202)
2019-03-18 12:45:13,236 [Worker-6: Executing the early startup extensions] ERROR Studio for Android - Handler could not be instanced(PLUGIN=org.eclipse.sequoyah.device.framework;ERROR=202)
2019-03-18 12:45:13,236 [Worker-6: Executing the early startup extensions] ERROR Studio for Android - Handler could not be instanced(PLUGIN=org.eclipse.sequoyah.device.framework;ERROR=202)
2019-03-18 12:45:13,236 [Worker-6: Executing the early startup extensions] INFO  Studio for Android - [Status: id=org.eclipse.andmore.android.emulator.status.offline;name=Offline]
2019-03-18 12:45:13,236 [Worker-6: Executing the early startup extensions] INFO  Studio for Android - [Status: id=org.eclipse.andmore.android.handset.status.handsetonline;name=Online]
2019-03-18 12:45:13,236 [Worker-6: Executing the early startup extensions] INFO  Studio for Android - [Status: id=INACTIVE;name=INACTIVE]
2019-03-18 12:45:13,236 [Worker-6: Executing the early startup extensions] INFO  Studio for Android - [Status: id=org.eclipse.andmore.android.emulator.status.notavailable;name=Not available]
2019-03-18 12:45:13,236 [Worker-6: Executing the early startup extensions] INFO  Studio for Android - [Status: id=IDLE;name=IDLE]
2019-03-18 12:45:13,236 [Worker-6: Executing the early startup extensions] INFO  Studio for Android - [Status: id=org.eclipse.andmore.android.remote.status.connected;name=Connected]
2019-03-18 12:45:13,236 [Worker-6: Executing the early startup extensions] INFO  Studio for Android - [Status: id=org.eclipse.andmore.android.remote.status.disconnected;name=Disconnected]
2019-03-18 12:45:13,236 [Worker-6: Executing the early startup extensions] INFO  Studio for Android - [Status: id=org.eclipse.andmore.android.emulator.status.online;name=Online]
2019-03-18 12:45:13,236 [Worker-6: Executing the early startup extensions] INFO  Studio for Android - [Status: id=OFF;name=OFF]
2019-03-18 12:45:13,236 [Worker-6: Executing the early startup extensions] INFO  Studio for Android - [Status: id=org.eclipse.andmore.android.emulator.status.offlineNoData;name=Offline (no user data)]
2019-03-18 12:45:15,069 [Worker-8: Android SDK Content Loader] DEBUG class org.eclipse.andmore.android.AndroidPlugin - Notify SDK loader listeners
2019-03-18 12:58:23,682 [main] DEBUG class java.lang.Class - Starting Eclipse Andmore Database Core Plugin...
2019-03-18 12:58:23,768 [main] DEBUG Studio for Android - JDBC Driver Location:bundleentry://549.fwk832828638/res/androidjdbc.jar JDBC Driver getBundle().getLocation():reference:file:plugins/org.eclipse.andmore.android.common_0.5.1.201701251432.jar
2019-03-18 12:58:23,769 [main] DEBUG Studio for Android - JDBC Driver Path:D:\eclipse-dsl-2018-12-R-win32-x86_64\eclipse\configuration\org.eclipse.osgi\549\0\.cp\res\androidjdbc.jar
2019-03-18 12:58:23,769 [main] DEBUG Studio for Android - JDBC Driver Location:bundleentry://549.fwk832828638/res/androidjdbc.jar JDBC Driver getBundle().getLocation():reference:file:plugins/org.eclipse.andmore.android.common_0.5.1.201701251432.jar
2019-03-18 12:58:23,769 [main] DEBUG Studio for Android - JDBC Driver Path:D:\eclipse-dsl-2018-12-R-win32-x86_64\eclipse\configuration\org.eclipse.osgi\549\0\.cp\res\androidjdbc.jar
2019-03-18 12:58:23,778 [main] DEBUG class java.lang.Class - Eclipse Andmore Database Core Plugin started.
2019-03-18 12:58:23,779 [main] DEBUG class java.lang.Class - Starting Eclipse Andmore Database Devices Support Plugin...
2019-03-18 12:58:23,781 [main] DEBUG class java.lang.Class - Eclipse Andmore Database Devices Support Plugin started...
2019-03-18 12:58:24,639 [Framework stop] DEBUG Studio for Android - org.eclipse.sequoyah.device.service.start.StartServicePlugin-SHUTDOWN
2019-03-18 12:58:24,689 [Framework stop] DEBUG Studio for Android - org.eclipse.sequoyah.device.framework.ui.DeviceUIPlugin-SHUTDOWN
2019-03-18 12:58:24,690 [Framework stop] DEBUG Studio for Android - org.eclipse.sequoyah.device.service.stop.StopServicePlugin-SHUTDOWN
2019-03-18 12:58:24,690 [Framework stop] DEBUG Studio for Android - org.eclipse.sequoyah.device.framework.DevicePlugin-SHUTDOWN
